<?xml version="1.0" encoding="UTF-8"?>
<testsuite xmlns:xsi="http://www.w3.org/2001/XMLSchema-instance" xsi:noNamespaceSchemaLocation="https://maven.apache.org/surefire/maven-surefire-plugin/xsd/surefire-test-report.xsd" version="3.0.2" name="com.hernanurban.placeholder_api.HuPlaceholderApiApplicationTests" time="1.682" tests="1" errors="0" skipped="0" failures="0" flakes="0">
  <properties>
[...]
</properties>
  <testcase name="contextLoads" classname="com.hernanurban.placeholder_api.HuPlaceholderApiApplicationTests" time="0.375">
    <system-out><![CDATA[12:36:02.653 [main] INFO org.springframework.test.context.support.AnnotationConfigContextLoaderUtils -- Could not detect default configuration classes for test class [com.hernanurban.placeholder_api.HuPlaceholderApiApplicationTests]: HuPlaceholderApiApplicationTests does not declare any static, non-private, non-final, nested classes annotated with @Configuration.
12:36:02.712 [main] INFO org.springframework.boot.test.context.SpringBootTestContextBootstrapper -- Found @SpringBootConfiguration com.hernanurban.placeholder_api.HuPlaceholderApiApplication for test class com.hernanurban.placeholder_api.HuPlaceholderApiApplicationTests
12:36:02.748 [main] INFO org.springframework.test.context.support.AnnotationConfigContextLoaderUtils -- Could not detect default configuration classes for test class [com.hernanurban.placeholder_api.HuPlaceholderApiApplicationTests]: HuPlaceholderApiApplicationTests does not declare any static, non-private, non-final, nested classes annotated with @Configuration.
12:36:02.749 [main] INFO org.springframework.boot.test.context.SpringBootTestContextBootstrapper -- Found @SpringBootConfiguration com.hernanurban.placeholder_api.HuPlaceholderApiApplication for test class com.hernanurban.placeholder_api.HuPlaceholderApiApplicationTests

  .   ____          _            __ _ _
 /\\ / ___'_ __ _ _(_)_ __  __ _ \ \ \ \
( ( )\___ | '_ | '_| | '_ \/ _` | \ \ \ \
 \\/  ___)| |_)| | | | | || (_| |  ) ) ) )
  '  |____| .__|_| |_|_| |_\__, | / / / /
 =========|_|==============|___/=/_/_/_/

 :: Spring Boot ::                (v4.1.0)

2026-06-20T12:36:02.953-03:00  INFO 45137 --- [hu-placeholder-api] [           main] [                                                 ] c.h.p.HuPlaceholderApiApplicationTests   : Starting HuPlaceholderApiApplicationTests using Java 21.0.10 with PID 45137 (started by hernanurban in /Users/hernanurban/github/hernanurban/hu-placeholder-api)
2026-06-20T12:36:02.954-03:00  INFO 45137 --- [hu-placeholder-api] [           main] [                                                 ] c.h.p.HuPlaceholderApiApplicationTests   : No active profile set, falling back to 1 default profile: "default"
2026-06-20T12:36:03.791-03:00  INFO 45137 --- [hu-placeholder-api] [           main] [                                                 ] o.s.b.a.e.web.EndpointLinksResolver      : Exposing 1 endpoint beneath base path '/actuator'
2026-06-20T12:36:03.821-03:00  INFO 45137 --- [hu-placeholder-api] [           main] [                                                 ] c.h.p.HuPlaceholderApiApplicationTests   : Started HuPlaceholderApiApplicationTests in 1.048 seconds (process running for 1.555)
]]></system-out>
    <system-err><![CDATA[Mockito is currently self-attaching to enable the inline-mock-maker. This will no longer work in future releases of the JDK. Please add Mockito as an agent to your build as described in Mockito's documentation: https://javadoc.io/doc/org.mockito/mockito-core/latest/org.mockito/org/mockito/Mockito.html#0.3
WARNING: A Java agent has been loaded dynamically (/Users/hernanurban/.m2/repository/net/bytebuddy/byte-buddy-agent/1.18.10/byte-buddy-agent-1.18.10.jar)
WARNING: If a serviceability tool is in use, please run with -XX:+EnableDynamicAgentLoading to hide this warning
WARNING: If a serviceability tool is not in use, please run with -Djdk.instrument.traceUsage for more information
WARNING: Dynamic loading of agents will be disallowed by default in a future release
]]></system-err>
  </testcase>
</testsuite>